<?xml version="1.0" encoding="UTF-8"?>
<testng-results skipped="0" failed="0" ignored="0" total="2" passed="2">
  <reporter-output>
  </reporter-output>
  <suite name="Default suite" duration-ms="31" started-at="2018-08-04T17:21:17Z" finished-at="2018-08-04T17:21:17Z">
    <groups>
    </groups>
    <test name="Default test" duration-ms="31" started-at="2018-08-04T17:21:17Z" finished-at="2018-08-04T17:21:17Z">
      <class name="com.qa.tests.searchpagetest">
        <test-method status="PASS" signature="searchpagestest()[pri:0, instance:com.qa.tests.searchpagetest@91161c7]" name="searchpagestest" duration-ms="10" started-at="2018-08-04T18:21:17Z" finished-at="2018-08-04T18:21:17Z">
          <reporter-output>
          </reporter-output>
        </test-method> <!-- searchpagestest -->
      </class> <!-- com.qa.tests.searchpagetest -->
      <class name="com.qa.tests.loginpagetest">
        <test-method status="PASS" signature="test1()[pri:0, instance:com.qa.tests.loginpagetest@685cb137]" name="test1" duration-ms="2" started-at="2018-08-04T18:21:17Z" finished-at="2018-08-04T18:21:17Z">
          <reporter-output>
          </reporter-output>
        </test-method> <!-- test1 -->
      </class> <!-- com.qa.tests.loginpagetest -->
    </test> <!-- Default test -->
  </suite> <!-- Default suite -->
</testng-results>
